\BOOKMARK [1][-]{section.1}{\376\377\213\276\213\241\151\202\217\360}{}% 1
\BOOKMARK [2][-]{subsection.1.1}{\376\377\213\276\213\241\166\356\166\204}{section.1}% 2
\BOOKMARK [2][-]{subsection.1.2}{\376\377\213\276\213\241\121\205\133\271}{section.1}% 3
\BOOKMARK [2][-]{subsection.1.3}{\376\377\136\224\165\050\136\163\123\360}{section.1}% 4
\BOOKMARK [2][-]{subsection.1.4}{\376\377\137\000\123\321\135\345\121\167}{section.1}% 5
\BOOKMARK [2][-]{subsection.1.5}{\376\377\217\157\116\366\136\223}{section.1}% 6
\BOOKMARK [1][-]{section.2}{\376\377\213\346\176\306\213\276\213\241}{}% 7
\BOOKMARK [2][-]{subsection.2.1}{\376\377\140\073\117\123\145\271\150\110}{section.2}% 8
\BOOKMARK [2][-]{subsection.2.2}{\376\377\122\237\200\375\133\236\163\260}{section.2}% 9
\BOOKMARK [3][-]{subsubsection.2.2.1}{\376\377\156\070\142\017\127\372\170\100\221\115\177\156}{subsection.2.2}% 10
\BOOKMARK [3][-]{subsubsection.2.2.2}{\376\377\116\073\121\375\145\160\166\204\133\236\163\260}{subsection.2.2}% 11
\BOOKMARK [3][-]{subsubsection.2.2.3}{\376\377\150\313\166\330\124\214\145\271\127\127\166\204\176\330\122\066}{subsection.2.2}% 12
\BOOKMARK [3][-]{subsubsection.2.2.4}{\376\377\145\271\127\127\171\373\122\250\166\204\143\247\122\066}{subsection.2.2}% 13
\BOOKMARK [3][-]{subsubsection.2.2.5}{\376\377\000A\000I\122\237\200\375\166\204\133\236\163\260}{subsection.2.2}% 14
\BOOKMARK [3][-]{subsubsection.2.2.6}{\376\377\121\166\116\326\122\237\200\375\166\204\133\236\163\260}{subsection.2.2}% 15
\BOOKMARK [1][-]{section.3}{\376\377\133\214\142\020\140\305\121\265}{}% 16
\BOOKMARK [2][-]{subsection.3.1}{\376\377\172\013\136\217\117\177\165\050\213\364\146\016\124\214\217\320\210\114\176\323\147\234}{section.3}% 17
\BOOKMARK [2][-]{subsection.3.2}{\376\377\162\171\202\162\122\237\200\375}{section.3}% 18
\BOOKMARK [2][-]{subsection.3.3}{\376\377\116\073\211\201\170\024\172\166\217\307\172\013}{section.3}% 19
\BOOKMARK [1][-]{section.4}{\376\377\213\276\213\241\140\073\176\323}{}% 20
\BOOKMARK [2][-]{subsection.4.1}{\376\377\142\020\124\130\122\006\135\345}{section.4}% 21
\BOOKMARK [2][-]{subsection.4.2}{\376\377\137\123\122\115\172\013\136\217\116\015\215\263\116\113\131\004}{section.4}% 22
\BOOKMARK [2][-]{subsection.4.3}{\376\377\145\071\217\333\143\252\145\275}{section.4}% 23
\BOOKMARK [2][-]{subsection.4.4}{\376\377\213\376\172\013\145\066\203\267}{section.4}% 24
\BOOKMARK [2][-]{subsection.4.5}{\376\377\133\371\213\376\172\013\166\204\136\372\213\256}{section.4}% 25
\BOOKMARK [1][-]{section.5}{\376\377\226\104\137\125}{}% 26
\BOOKMARK [2][-]{subsection.5.1}{\376\377\172\013\136\217\156\220\116\343\170\001}{section.5}% 27
\BOOKMARK [2][-]{subsection.5.2}{\376\377\121\166\116\326}{section.5}% 28
\BOOKMARK [2][-]{subsection.5.3}{\376\377\201\364\214\042}{section.5}% 29
